Build started 2017/10/21 19:10:25.
     1>Project "F:\FRS\FRS_HX_64\INF\INF.vcxproj" on node 3 (Build target(s)).
     1>ClCompile:
         C:\Program Files (x86)\Microsoft Visual Studio 12.0\VC\bin\CL.exe /c /AI"C:\Program Files (x86)\Reference Assemblies\Microsoft\Framework\.NETFramework\v4.5\\" /AI"C:\Program Files (x86)\Windows Kits\8.1\References\CommonConfiguration\Neutral" /AI"C:\Program Files (x86)\Reference Assemblies\Microsoft\Framework\.NETFramework\v4.5\Facades\\" /Zi /clr /nologo /W3 /WX- /Od /Oy- /D WIN32 /D _DEBUG /D _UNICODE /D UNICODE /EHa /MDd /GS /fp:precise /Zc:wchar_t /Zc:forScope /Fo"Debug\\" /Fd"Debug\vc120.pdb" /TP /FU"C:\Program Files (x86)\Reference Assemblies\Microsoft\Framework\.NETFramework\v4.5\mscorlib.dll" /FU"C:\Program Files (x86)\Reference Assemblies\Microsoft\Framework\.NETFramework\v4.5\System.Core.dll" /FU"C:\Program Files (x86)\Reference Assemblies\Microsoft\Framework\.NETFramework\v4.5\System.Data.dll" /FU"C:\Program Files (x86)\Reference Assemblies\Microsoft\Framework\.NETFramework\v4.5\System.dll" /FU"C:\Program Files (x86)\Reference Assemblies\Microsoft\Framework\.NETFramework\v4.5\System.Net.dll" /analyze- /errorReport:prompt /clr:nostdlib common\common.cpp common\Logger.cpp INF4.cpp netserv\BaseMsg.cpp netserv\SaveImageReq.cpp netserv\SaveImageResp.cpp netserv\TcpConnectHandler.cpp netserv\TLV.cpp netserv\TLVEncodedObject.cpp test.cpp
         common.cpp
     1>common\common.cpp(1): fatal error C1083: Cannot open include file: 'stdafx.h': No such file or directory
         Logger.cpp
     1>common\Logger.cpp(1): fatal error C1083: Cannot open include file: 'stdafx.h': No such file or directory
         INF4.cpp
     1>INF4.cpp(83): warning C4101: 'e' : unreferenced local variable
         BaseMsg.cpp
     1>netserv\BaseMsg.cpp(1): fatal error C1083: Cannot open include file: 'stdafx.h': No such file or directory
         SaveImageReq.cpp
     1>netserv\SaveImageReq.cpp(1): fatal error C1083: Cannot open include file: 'stdafx.h': No such file or directory
         SaveImageResp.cpp
     1>netserv\SaveImageResp.cpp(1): fatal error C1083: Cannot open include file: 'stdafx.h': No such file or directory
         TcpConnectHandler.cpp
     1>netserv\TcpConnectHandler.cpp(1): fatal error C1083: Cannot open include file: 'stdafx.h': No such file or directory
         TLV.cpp
     1>netserv\TLV.cpp(1): fatal error C1083: Cannot open include file: 'stdafx.h': No such file or directory
         TLVEncodedObject.cpp
     1>netserv\TLVEncodedObject.cpp(1): fatal error C1083: Cannot open include file: 'stdafx.h': No such file or directory
         test.cpp
     1>f:\frs\frs_hx_64\inf\INF5.h(76): warning C4101: 'e' : unreferenced local variable
     1>f:\frs\frs_hx_64\inf\INF5.h(104): warning C4101: 'e' : unreferenced local variable
         Generating Code...
     1>Done Building Project "F:\FRS\FRS_HX_64\INF\INF.vcxproj" (Build target(s)) -- FAILED.

Build FAILED.

Time Elapsed 00:00:03.84
