Build started 2017/3/31 15:46:07.
     1>Project "F:\FRS\FaceAngineNew\INF\INF.vcxproj" on node 2 (Build target(s)).
     1>ClCompile:
         C:\Program Files (x86)\Microsoft Visual Studio 12.0\VC\bin\CL.exe /c /AI"C:\Program Files (x86)\Reference Assemblies\Microsoft\Framework\.NETFramework\v4.0" /AI"C:\Program Files (x86)\Windows Kits\8.1\References\CommonConfiguration\Neutral" /Zi /clr /nologo /W3 /WX- /O2 /Oy- /D WIN32 /D NDEBUG /EHa /MD /GS /fp:precise /Zc:wchar_t /Zc:forScope /Fo"Release\\" /Fd"Release\vc120.pdb" /TP /FU"C:\Program Files (x86)\Reference Assemblies\Microsoft\Framework\.NETFramework\v4.0\mscorlib.dll" /FU"C:\Program Files (x86)\Reference Assemblies\Microsoft\Framework\.NETFramework\v4.0\System.Core.dll" /FU"C:\Program Files (x86)\Reference Assemblies\Microsoft\Framework\.NETFramework\v4.0\System.Data.dll" /FU"C:\Program Files (x86)\Reference Assemblies\Microsoft\Framework\.NETFramework\v4.0\System.dll" /FU"C:\Program Files (x86)\Reference Assemblies\Microsoft\Framework\.NETFramework\v4.0\System.Net.dll" /analyze- /errorReport:prompt /clr:nostdlib INF4.cpp
         INF4.cpp
     1>INF4.cpp(83): warning C4101: 'e' : unreferenced local variable
       Link:
         C:\Program Files (x86)\Microsoft Visual Studio 12.0\VC\bin\link.exe /ERRORREPORT:PROMPT /OUT:"F:\FRS\FaceAngineNew\Release\INF.dll" /INCREMENTAL:NO /NOLOGO ws2_32.lib kernel32.lib user32.lib gdi32.lib winspool.lib comdlg32.lib advapi32.lib shell32.lib ole32.lib oleaut32.lib uuid.lib odbc32.lib odbccp32.lib /MANIFEST /MANIFESTUAC:"level='asInvoker' uiAccess='false'" /manifest:embed /DEBUG /PDB:"F:\FRS\FaceAngineNew\Release\INF.pdb" /TLBID:1 /DYNAMICBASE /FIXED:NO /NXCOMPAT /MACHINE:X86 /SAFESEH /DLL Release\common.obj
         Release\Logger.obj
         Release\INF4.obj
         Release\BaseMsg.obj
         Release\SaveImageReq.obj
         Release\SaveImageResp.obj
         Release\TcpConnectHandler.obj
         Release\TLV.obj
         Release\TLVEncodedObject.obj
         Release\test.obj
         "Release\.NETFramework,Version=v4.0.AssemblyAttributes.obj"
         INF.vcxproj -> F:\FRS\FaceAngineNew\Release\INF.dll
     1>Done Building Project "F:\FRS\FaceAngineNew\INF\INF.vcxproj" (Build target(s)).

Build succeeded.

Time Elapsed 00:00:02.89
